<?xml version="1.0" encoding="UTF-8"?>
<testsuite xmlns:xsi="http://www.w3.org/2001/XMLSchema-instance" xsi:noNamespaceSchemaLocation="https://maven.apache.org/surefire/maven-surefire-plugin/xsd/surefire-test-report.xsd" name="maven_evo.AVLTree_ESTest" time="1.217" tests="31" errors="1" skipped="0" failures="0">
  <properties>
    <property name="sun.desktop" value="windows"/>
    <property name="awt.toolkit" value="sun.awt.windows.WToolkit"/>
    <property name="file.encoding.pkg" value="sun.io"/>
    <property name="java.specification.version" value="1.8"/>
    <property name="sun.cpu.isalist" value="amd64"/>
    <property name="sun.jnu.encoding" value="Cp1252"/>
    <property name="java.class.path" value="C:\Users\Rhys\eclipse-workspace\maven_evo\target\test-classes;C:\Users\Rhys\eclipse-workspace\maven_evo\target\classes;C:\Users\Rhys\.m2\repository\junit\junit\4.12\junit-4.12.jar;C:\Users\Rhys\.m2\repository\org\hamcrest\hamcrest-core\1.3\hamcrest-core-1.3.jar;C:\Users\Rhys\.m2\repository\org\evosuite\evosuite-standalone-runtime\1.0.6\evosuite-standalone-runtime-1.0.6.jar;C:\Users\Rhys\.m2\repository\org\jacoco\org.jacoco.agent\0.8.7\org.jacoco.agent-0.8.7.jar;"/>
    <property name="java.vm.vendor" value="Oracle Corporation"/>
    <property name="sun.arch.data.model" value="64"/>
    <property name="user.variant" value=""/>
    <property name="java.vendor.url" value="http://java.oracle.com/"/>
    <property name="user.timezone" value="America/Chicago"/>
    <property name="java.vm.specification.version" value="1.8"/>
    <property name="os.name" value="Windows 10"/>
    <property name="user.country" value="US"/>
    <property name="sun.java.launcher" value="SUN_STANDARD"/>
    <property name="sun.boot.library.path" value="C:\Program Files\Java\jdk1.8.0_311\jre\bin"/>
    <property name="sun.java.command" value="C:\Users\Rhys\AppData\Local\Temp\surefire6540169462821264696\surefirebooter6026574742939769315.jar C:\Users\Rhys\AppData\Local\Temp\surefire6540169462821264696 2022-04-16T20-38-22_065-jvmRun1 surefire6875400703928966443tmp surefire_01995623058110012375tmp"/>
    <property name="surefire.test.class.path" value="C:\Users\Rhys\eclipse-workspace\maven_evo\target\test-classes;C:\Users\Rhys\eclipse-workspace\maven_evo\target\classes;C:\Users\Rhys\.m2\repository\junit\junit\4.12\junit-4.12.jar;C:\Users\Rhys\.m2\repository\org\hamcrest\hamcrest-core\1.3\hamcrest-core-1.3.jar;C:\Users\Rhys\.m2\repository\org\evosuite\evosuite-standalone-runtime\1.0.6\evosuite-standalone-runtime-1.0.6.jar;C:\Users\Rhys\.m2\repository\org\jacoco\org.jacoco.agent\0.8.7\org.jacoco.agent-0.8.7.jar;"/>
    <property name="sun.cpu.endian" value="little"/>
    <property name="user.home" value="C:\Users\Rhys"/>
    <property name="user.language" value="en"/>
    <property name="java.specification.vendor" value="Oracle Corporation"/>
    <property name="java.home" value="C:\Program Files\Java\jdk1.8.0_311\jre"/>
    <property name="basedir" value="C:\Users\Rhys\eclipse-workspace\maven_evo"/>
    <property name="file.separator" value="\"/>
    <property name="line.separator" value="&#10;"/>
    <property name="java.vm.specification.vendor" value="Oracle Corporation"/>
    <property name="java.specification.name" value="Java Platform API Specification"/>
    <property name="java.awt.graphicsenv" value="sun.awt.Win32GraphicsEnvironment"/>
    <property name="surefire.real.class.path" value="C:\Users\Rhys\AppData\Local\Temp\surefire6540169462821264696\surefirebooter6026574742939769315.jar;C:\\Users\\Rhys\\.m2\\repository\\org\\jacoco\\org.jacoco.agent\\0.8.6\\org.jacoco.agent-0.8.6-runtime.jar"/>
    <property name="sun.boot.class.path" value="C:\Program Files\Java\jdk1.8.0_311\jre\lib\resources.jar;C:\Program Files\Java\jdk1.8.0_311\jre\lib\rt.jar;C:\Program Files\Java\jdk1.8.0_311\jre\lib\sunrsasign.jar;C:\Program Files\Java\jdk1.8.0_311\jre\lib\jsse.jar;C:\Program Files\Java\jdk1.8.0_311\jre\lib\jce.jar;C:\Program Files\Java\jdk1.8.0_311\jre\lib\charsets.jar;C:\Program Files\Java\jdk1.8.0_311\jre\lib\jfr.jar;C:\Program Files\Java\jdk1.8.0_311\jre\classes"/>
    <property name="user.script" value=""/>
    <property name="sun.management.compiler" value="HotSpot 64-Bit Tiered Compilers"/>
    <property name="java.runtime.version" value="1.8.0_311-b11"/>
    <property name="user.name" value="Rhys"/>
    <property name="path.separator" value=";"/>
    <property name="os.version" value="10.0"/>
    <property name="java.endorsed.dirs" value="C:\Program Files\Java\jdk1.8.0_311\jre\lib\endorsed"/>
    <property name="java.runtime.name" value="Java(TM) SE Runtime Environment"/>
    <property name="file.encoding" value="Cp1252"/>
    <property name="java.vm.name" value="Java HotSpot(TM) 64-Bit Server VM"/>
    <property name="localRepository" value="C:\Users\Rhys\.m2\repository"/>
    <property name="java.vendor.url.bug" value="http://bugreport.sun.com/bugreport/"/>
    <property name="java.io.tmpdir" value="C:\Users\Rhys\AppData\Local\Temp\"/>
    <property name="java.version" value="1.8.0_311"/>
    <property name="user.dir" value="C:\Users\Rhys\eclipse-workspace\maven_evo"/>
    <property name="os.arch" value="amd64"/>
    <property name="java.vm.specification.name" value="Java Virtual Machine Specification"/>
    <property name="java.awt.printerjob" value="sun.awt.windows.WPrinterJob"/>
    <property name="sun.os.patch.level" value=""/>
    <property name="java.library.path" value="C:\Program Files\Java\jdk1.8.0_311\jre\bin;C:\WINDOWS\Sun\Java\bin;C:\WINDOWS\system32;C:\WINDOWS;C:/Program Files/Java/jdk-18/bin/server;C:/Program Files/Java/jdk-18/bin;C:\Program Files\Common Files\Oracle\Java\javapath;C:\Program Files (x86)\Common Files\Oracle\Java\javapath;C:\windows\system32;C:\windows;C:\windows\System32\Wbem;C:\windows\System32\WindowsPowerShell\v1.0\;C:\windows\System32\OpenSSH\;C:\Program Files (x86)\NVIDIA Corporation\PhysX\Common;C:\Program Files\NVIDIA Corporation\NVIDIA NvDLISR;C:\WINDOWS\system32;C:\WINDOWS;C:\WINDOWS\System32\Wbem;C:\WINDOWS\System32\WindowsPowerShell\v1.0\;C:\WINDOWS\System32\OpenSSH\;C:\Program Files\Java\jdk1.8.0_311\bin;C:\Program Files\apache-maven-3.8.5\bin;C:\Users\Rhys\AppData\Local\Microsoft\WindowsApps;;C:\WINDOWS\system32;;."/>
    <property name="java.vm.info" value="mixed mode"/>
    <property name="java.vendor" value="Oracle Corporation"/>
    <property name="java.vm.version" value="25.311-b11"/>
    <property name="java.ext.dirs" value="C:\Program Files\Java\jdk1.8.0_311\jre\lib\ext;C:\WINDOWS\Sun\Java\lib\ext"/>
    <property name="sun.io.unicode.encoding" value="UnicodeLittle"/>
    <property name="java.class.version" value="52.0"/>
  </properties>
  <testcase name="test00" classname="maven_evo.AVLTree_ESTest" time="0.024"/>
  <testcase name="test22" classname="maven_evo.AVLTree_ESTest" time="0.003"/>
  <testcase name="test01" classname="maven_evo.AVLTree_ESTest" time="0.002"/>
  <testcase name="test23" classname="maven_evo.AVLTree_ESTest" time="0.002"/>
  <testcase name="test20" classname="maven_evo.AVLTree_ESTest" time="0.004"/>
  <testcase name="test21" classname="maven_evo.AVLTree_ESTest" time="0.004"/>
  <testcase name="test04" classname="maven_evo.AVLTree_ESTest" time="0.003"/>
  <testcase name="test26" classname="maven_evo.AVLTree_ESTest" time="0.001"/>
  <testcase name="test05" classname="maven_evo.AVLTree_ESTest" time="0.013"/>
  <testcase name="test27" classname="maven_evo.AVLTree_ESTest" time="0.004"/>
  <testcase name="test02" classname="maven_evo.AVLTree_ESTest" time="0.002"/>
  <testcase name="test24" classname="maven_evo.AVLTree_ESTest" time="0.003"/>
  <testcase name="test03" classname="maven_evo.AVLTree_ESTest" time="0.008"/>
  <testcase name="test25" classname="maven_evo.AVLTree_ESTest" time="0"/>
  <testcase name="test08" classname="maven_evo.AVLTree_ESTest" time="0.004"/>
  <testcase name="test09" classname="maven_evo.AVLTree_ESTest" time="0.003"/>
  <testcase name="test06" classname="maven_evo.AVLTree_ESTest" time="0.005"/>
  <testcase name="test28" classname="maven_evo.AVLTree_ESTest" time="0.003"/>
  <testcase name="test07" classname="maven_evo.AVLTree_ESTest" time="0.002"/>
  <testcase name="test29" classname="maven_evo.AVLTree_ESTest" time="0.003"/>
  <testcase name="test11" classname="maven_evo.AVLTree_ESTest" time="0.002"/>
  <testcase name="test12" classname="maven_evo.AVLTree_ESTest" time="0.002"/>
  <testcase name="test10" classname="maven_evo.AVLTree_ESTest" time="0.003"/>
  <testcase name="test15" classname="maven_evo.AVLTree_ESTest" time="0.004"/>
  <testcase name="test16" classname="maven_evo.AVLTree_ESTest" time="0.003"/>
  <testcase name="test13" classname="maven_evo.AVLTree_ESTest" time="0.003"/>
  <testcase name="test14" classname="maven_evo.AVLTree_ESTest" time="0.024">
    <error type="java.lang.StackOverflowError">java.lang.StackOverflowError
</error>
  </testcase>
  <testcase name="test19" classname="maven_evo.AVLTree_ESTest" time="0.003"/>
  <testcase name="test17" classname="maven_evo.AVLTree_ESTest" time="0.003"/>
  <testcase name="test18" classname="maven_evo.AVLTree_ESTest" time="0.001"/>
  <testcase name="test30" classname="maven_evo.AVLTree_ESTest" time="0.003"/>
</testsuite>